<?xml version="1.0" encoding="UTF-8"?>
<coverage generated="1546760858953" clover="3.2.0">
  <project timestamp="1546760858953" name="All files">
    <metrics statements="77" coveredstatements="74" conditionals="25" coveredconditionals="24" methods="12" coveredmethods="10" elements="114" coveredelements="108" complexity="0" loc="77" ncloc="77" packages="3" files="8" classes="8">
      <package name="components.auth">
        <metrics statements="36" coveredstatements="34" conditionals="15" coveredconditionals="14" methods="6" coveredmethods="5"/>
        <file name="authDirective.js" path="/Users/apple/WebSandbox/SIS_backend/src/components/auth/authDirective.js">
          <metrics statements="26" coveredstatements="24" conditionals="11" coveredconditionals="10" methods="5" coveredmethods="4"/>
          <line num="2" count="1" type="stmt"/>
          <line num="3" count="1" type="stmt"/>
          <line num="4" count="1" type="stmt"/>
          <line num="8" count="0" type="stmt"/>
          <line num="9" count="0" type="stmt"/>
          <line num="15" count="3" type="stmt"/>
          <line num="16" count="3" type="stmt"/>
          <line num="21" count="3" type="cond" truecount="2" falsecount="0"/>
          <line num="22" count="2" type="stmt"/>
          <line num="24" count="2" type="stmt"/>
          <line num="26" count="2" type="stmt"/>
          <line num="27" count="6" type="stmt"/>
          <line num="28" count="6" type="cond" truecount="0" falsecount="1"/>
          <line num="29" count="6" type="stmt"/>
          <line num="33" count="11" type="cond" truecount="2" falsecount="0"/>
          <line num="36" count="11" type="cond" truecount="2" falsecount="0"/>
          <line num="37" count="5" type="stmt"/>
          <line num="40" count="6" type="stmt"/>
          <line num="41" count="6" type="stmt"/>
          <line num="42" count="6" type="cond" truecount="2" falsecount="0"/>
          <line num="43" count="1" type="stmt"/>
          <line num="45" count="5" type="stmt"/>
          <line num="46" count="5" type="cond" truecount="2" falsecount="0"/>
          <line num="47" count="1" type="stmt"/>
          <line num="50" count="4" type="stmt"/>
          <line num="58" count="1" type="stmt"/>
        </file>
        <file name="errors.js" path="/Users/apple/WebSandbox/SIS_backend/src/components/auth/errors.js">
          <metrics statements="2" coveredstatements="2" conditionals="0" coveredconditionals="0" methods="0" coveredmethods="0"/>
          <line num="2" count="1" type="stmt"/>
          <line num="10" count="1" type="stmt"/>
        </file>
        <file name="utils.js" path="/Users/apple/WebSandbox/SIS_backend/src/components/auth/utils.js">
          <metrics statements="8" coveredstatements="8" conditionals="4" coveredconditionals="4" methods="1" coveredmethods="1"/>
          <line num="1" count="1" type="stmt"/>
          <line num="3" count="1" type="stmt"/>
          <line num="7" count="7" type="stmt"/>
          <line num="8" count="7" type="cond" truecount="2" falsecount="0"/>
          <line num="9" count="6" type="stmt"/>
          <line num="10" count="6" type="stmt"/>
          <line num="11" count="6" type="cond" truecount="2" falsecount="0"/>
          <line num="15" count="1" type="stmt"/>
        </file>
      </package>
      <package name="components.auth.resolvers">
        <metrics statements="34" coveredstatements="33" conditionals="10" coveredconditionals="10" methods="6" coveredmethods="5"/>
        <file name="Mutation.js" path="/Users/apple/WebSandbox/SIS_backend/src/components/auth/resolvers/Mutation.js">
          <metrics statements="24" coveredstatements="24" conditionals="10" coveredconditionals="10" methods="4" coveredmethods="4"/>
          <line num="2" count="1" type="stmt"/>
          <line num="3" count="1" type="stmt"/>
          <line num="4" count="1" type="stmt"/>
          <line num="5" count="1" type="stmt"/>
          <line num="7" count="1" type="stmt"/>
          <line num="9" count="2" type="stmt"/>
          <line num="10" count="2" type="stmt"/>
          <line num="16" count="2" type="stmt"/>
          <line num="17" count="2" type="stmt"/>
          <line num="23" count="1" type="stmt"/>
          <line num="26" count="3" type="stmt"/>
          <line num="27" count="3" type="cond" truecount="2" falsecount="0"/>
          <line num="28" count="1" type="stmt"/>
          <line num="30" count="2" type="stmt"/>
          <line num="31" count="2" type="cond" truecount="2" falsecount="0"/>
          <line num="32" count="1" type="stmt"/>
          <line num="34" count="1" type="stmt"/>
          <line num="35" count="1" type="stmt"/>
          <line num="41" count="3" type="cond" truecount="2" falsecount="0"/>
          <line num="42" count="3" type="stmt"/>
          <line num="43" count="3" type="cond" truecount="4" falsecount="0"/>
          <line num="44" count="2" type="stmt"/>
          <line num="45" count="1" type="stmt"/>
          <line num="66" count="1" type="stmt"/>
        </file>
        <file name="Query.js" path="/Users/apple/WebSandbox/SIS_backend/src/components/auth/resolvers/Query.js">
          <metrics statements="6" coveredstatements="5" conditionals="0" coveredconditionals="0" methods="2" coveredmethods="1"/>
          <line num="1" count="1" type="stmt"/>
          <line num="3" count="1" type="stmt"/>
          <line num="5" count="1" type="stmt"/>
          <line num="6" count="1" type="stmt"/>
          <line num="9" count="0" type="stmt"/>
          <line num="33" count="1" type="stmt"/>
        </file>
        <file name="index.js" path="/Users/apple/WebSandbox/SIS_backend/src/components/auth/resolvers/index.js">
          <metrics statements="4" coveredstatements="4" conditionals="0" coveredconditionals="0" methods="0" coveredmethods="0"/>
          <line num="1" count="1" type="stmt"/>
          <line num="2" count="1" type="stmt"/>
          <line num="8" count="1" type="stmt"/>
          <line num="13" count="1" type="stmt"/>
        </file>
      </package>
      <package name="database.generated.prisma-client">
        <metrics statements="7" coveredstatements="7" conditionals="0" coveredconditionals="0" methods="0" coveredmethods="0"/>
        <file name="index.js" path="/Users/apple/WebSandbox/SIS_backend/src/database/generated/prisma-client/index.js">
          <metrics statements="6" coveredstatements="6" conditionals="0" coveredconditionals="0" methods="0" coveredmethods="0"/>
          <line num="2" count="1" type="stmt"/>
          <line num="3" count="1" type="stmt"/>
          <line num="4" count="1" type="stmt"/>
          <line num="6" count="1" type="stmt"/>
          <line num="20" count="1" type="stmt"/>
          <line num="25" count="1" type="stmt"/>
        </file>
        <file name="prisma-schema.js" path="/Users/apple/WebSandbox/SIS_backend/src/database/generated/prisma-client/prisma-schema.js">
          <metrics statements="1" coveredstatements="1" conditionals="0" coveredconditionals="0" methods="0" coveredmethods="0"/>
          <line num="1" count="1" type="stmt"/>
        </file>
      </package>
    </metrics>
  </project>
</coverage>
