{
  "/Users/apple/WebSandbox/SIS_backend/src/components/auth/authDirective.js": {
    "path": "/Users/apple/WebSandbox/SIS_backend/src/components/auth/authDirective.js",
    "statementMap": {
      "0": { "start": { "line": 2, "column": 22 }, "end": { "line": 2, "column": 40 } },
      "1": { "start": { "line": 3, "column": 54 }, "end": { "line": 3, "column": 86 } },
      "2": { "start": { "line": 4, "column": 19 }, "end": { "line": 4, "column": 38 } },
      "3": { "start": { "line": 8, "column": 8 }, "end": { "line": 8, "column": 39 } },
      "4": { "start": { "line": 9, "column": 8 }, "end": { "line": 9, "column": 52 } },
      "5": { "start": { "line": 15, "column": 8 }, "end": { "line": 15, "column": 53 } },
      "6": { "start": { "line": 16, "column": 8 }, "end": { "line": 16, "column": 53 } },
      "7": { "start": { "line": 21, "column": 8 }, "end": { "line": 21, "column": 50 } },
      "8": { "start": { "line": 21, "column": 43 }, "end": { "line": 21, "column": 50 } },
      "9": { "start": { "line": 22, "column": 8 }, "end": { "line": 22, "column": 45 } },
      "10": { "start": { "line": 24, "column": 23 }, "end": { "line": 24, "column": 45 } },
      "11": { "start": { "line": 26, "column": 8 }, "end": { "line": 52, "column": 11 } },
      "12": { "start": { "line": 27, "column": 26 }, "end": { "line": 27, "column": 43 } },
      "13": { "start": { "line": 28, "column": 55 }, "end": { "line": 28, "column": 60 } },
      "14": { "start": { "line": 29, "column": 12 }, "end": { "line": 51, "column": 14 } },
      "15": { "start": { "line": 33, "column": 14 }, "end": { "line": 34, "column": 42 } },
      "16": { "start": { "line": 36, "column": 16 }, "end": { "line": 38, "column": 17 } },
      "17": { "start": { "line": 37, "column": 20 }, "end": { "line": 37, "column": 53 } },
      "18": { "start": { "line": 40, "column": 32 }, "end": { "line": 40, "column": 39 } },
      "19": { "start": { "line": 41, "column": 31 }, "end": { "line": 41, "column": 49 } },
      "20": { "start": { "line": 42, "column": 16 }, "end": { "line": 44, "column": 17 } },
      "21": { "start": { "line": 43, "column": 20 }, "end": { "line": 43, "column": 83 } },
      "22": { "start": { "line": 45, "column": 29 }, "end": { "line": 45, "column": 70 } },
      "23": { "start": { "line": 46, "column": 16 }, "end": { "line": 48, "column": 17 } },
      "24": { "start": { "line": 47, "column": 20 }, "end": { "line": 47, "column": 77 } },
      "25": { "start": { "line": 50, "column": 16 }, "end": { "line": 50, "column": 49 } },
      "26": { "start": { "line": 58, "column": 0 }, "end": { "line": 58, "column": 39 } }
    },
    "fnMap": {
      "0": {
        "name": "(anonymous_0)",
        "decl": { "start": { "line": 7, "column": 4 }, "end": { "line": 7, "column": 5 } },
        "loc": { "start": { "line": 7, "column": 22 }, "end": { "line": 10, "column": 5 } },
        "line": 7
      },
      "1": {
        "name": "(anonymous_1)",
        "decl": { "start": { "line": 14, "column": 4 }, "end": { "line": 14, "column": 5 } },
        "loc": { "start": { "line": 14, "column": 41 }, "end": { "line": 17, "column": 5 } },
        "line": 14
      },
      "2": {
        "name": "(anonymous_2)",
        "decl": { "start": { "line": 19, "column": 4 }, "end": { "line": 19, "column": 5 } },
        "loc": { "start": { "line": 19, "column": 36 }, "end": { "line": 53, "column": 5 } },
        "line": 19
      },
      "3": {
        "name": "(anonymous_3)",
        "decl": { "start": { "line": 26, "column": 36 }, "end": { "line": 26, "column": 37 } },
        "loc": { "start": { "line": 26, "column": 49 }, "end": { "line": 52, "column": 9 } },
        "line": 26
      },
      "4": {
        "name": "(anonymous_4)",
        "decl": { "start": { "line": 29, "column": 28 }, "end": { "line": 29, "column": 29 } },
        "loc": { "start": { "line": 29, "column": 53 }, "end": { "line": 51, "column": 13 } },
        "line": 29
      }
    },
    "branchMap": {
      "0": {
        "loc": { "start": { "line": 21, "column": 8 }, "end": { "line": 21, "column": 50 } },
        "type": "if",
        "locations": [
          { "start": { "line": 21, "column": 8 }, "end": { "line": 21, "column": 50 } },
          { "start": { "line": 21, "column": 8 }, "end": { "line": 21, "column": 50 } }
        ],
        "line": 21
      },
      "1": {
        "loc": { "start": { "line": 28, "column": 20 }, "end": { "line": 28, "column": 50 } },
        "type": "default-arg",
        "locations": [{ "start": { "line": 28, "column": 30 }, "end": { "line": 28, "column": 50 } }],
        "line": 28
      },
      "2": {
        "loc": { "start": { "line": 33, "column": 14 }, "end": { "line": 34, "column": 42 } },
        "type": "binary-expr",
        "locations": [
          { "start": { "line": 33, "column": 14 }, "end": { "line": 33, "column": 37 } },
          { "start": { "line": 34, "column": 14 }, "end": { "line": 34, "column": 42 } }
        ],
        "line": 33
      },
      "3": {
        "loc": { "start": { "line": 36, "column": 16 }, "end": { "line": 38, "column": 17 } },
        "type": "if",
        "locations": [
          { "start": { "line": 36, "column": 16 }, "end": { "line": 38, "column": 17 } },
          { "start": { "line": 36, "column": 16 }, "end": { "line": 38, "column": 17 } }
        ],
        "line": 36
      },
      "4": {
        "loc": { "start": { "line": 42, "column": 16 }, "end": { "line": 44, "column": 17 } },
        "type": "if",
        "locations": [
          { "start": { "line": 42, "column": 16 }, "end": { "line": 44, "column": 17 } },
          { "start": { "line": 42, "column": 16 }, "end": { "line": 44, "column": 17 } }
        ],
        "line": 42
      },
      "5": {
        "loc": { "start": { "line": 46, "column": 16 }, "end": { "line": 48, "column": 17 } },
        "type": "if",
        "locations": [
          { "start": { "line": 46, "column": 16 }, "end": { "line": 48, "column": 17 } },
          { "start": { "line": 46, "column": 16 }, "end": { "line": 48, "column": 17 } }
        ],
        "line": 46
      }
    },
    "s": {
      "0": 1,
      "1": 1,
      "2": 1,
      "3": 0,
      "4": 0,
      "5": 3,
      "6": 3,
      "7": 3,
      "8": 1,
      "9": 2,
      "10": 2,
      "11": 2,
      "12": 6,
      "13": 6,
      "14": 6,
      "15": 11,
      "16": 11,
      "17": 5,
      "18": 6,
      "19": 6,
      "20": 6,
      "21": 1,
      "22": 5,
      "23": 5,
      "24": 1,
      "25": 4,
      "26": 1
    },
    "f": { "0": 0, "1": 3, "2": 3, "3": 6, "4": 11 },
    "b": { "0": [1, 2], "1": [0], "2": [11, 5], "3": [5, 6], "4": [1, 5], "5": [1, 4] },
    "_coverageSchema": "332fd63041d2c1bcb487cc26dd0d5f7d97098a6c",
    "hash": "f3e1795c5b981d38f2debc46111d32456f79885d"
  },
  "/Users/apple/WebSandbox/SIS_backend/src/components/auth/errors.js": {
    "path": "/Users/apple/WebSandbox/SIS_backend/src/components/auth/errors.js",
    "statementMap": {
      "0": { "start": { "line": 2, "column": 13 }, "end": { "line": 8, "column": 1 } },
      "1": { "start": { "line": 10, "column": 0 }, "end": { "line": 10, "column": 22 } }
    },
    "fnMap": {},
    "branchMap": {},
    "s": { "0": 1, "1": 1 },
    "f": {},
    "b": {},
    "_coverageSchema": "332fd63041d2c1bcb487cc26dd0d5f7d97098a6c",
    "hash": "d92214979b89d1cca853c88511edb14660dd141e"
  },
  "/Users/apple/WebSandbox/SIS_backend/src/components/auth/utils.js": {
    "path": "/Users/apple/WebSandbox/SIS_backend/src/components/auth/utils.js",
    "statementMap": {
      "0": { "start": { "line": 1, "column": 19 }, "end": { "line": 1, "column": 42 } },
      "1": { "start": { "line": 3, "column": 19 }, "end": { "line": 3, "column": 33 } },
      "2": { "start": { "line": 7, "column": 26 }, "end": { "line": 7, "column": 59 } },
      "3": { "start": { "line": 8, "column": 4 }, "end": { "line": 12, "column": 5 } },
      "4": { "start": { "line": 9, "column": 22 }, "end": { "line": 9, "column": 58 } },
      "5": { "start": { "line": 10, "column": 30 }, "end": { "line": 10, "column": 55 } },
      "6": { "start": { "line": 11, "column": 8 }, "end": { "line": 11, "column": 53 } },
      "7": { "start": { "line": 15, "column": 0 }, "end": { "line": 18, "column": 2 } }
    },
    "fnMap": {
      "0": {
        "name": "getUserId",
        "decl": { "start": { "line": 6, "column": 9 }, "end": { "line": 6, "column": 18 } },
        "loc": { "start": { "line": 6, "column": 28 }, "end": { "line": 13, "column": 1 } },
        "line": 6
      }
    },
    "branchMap": {
      "0": {
        "loc": { "start": { "line": 8, "column": 4 }, "end": { "line": 12, "column": 5 } },
        "type": "if",
        "locations": [
          { "start": { "line": 8, "column": 4 }, "end": { "line": 12, "column": 5 } },
          { "start": { "line": 8, "column": 4 }, "end": { "line": 12, "column": 5 } }
        ],
        "line": 8
      },
      "1": {
        "loc": { "start": { "line": 11, "column": 15 }, "end": { "line": 11, "column": 52 } },
        "type": "binary-expr",
        "locations": [
          { "start": { "line": 11, "column": 15 }, "end": { "line": 11, "column": 28 } },
          { "start": { "line": 11, "column": 32 }, "end": { "line": 11, "column": 52 } }
        ],
        "line": 11
      }
    },
    "s": { "0": 1, "1": 1, "2": 7, "3": 7, "4": 6, "5": 6, "6": 6, "7": 1 },
    "f": { "0": 7 },
    "b": { "0": [6, 1], "1": [6, 6] },
    "_coverageSchema": "332fd63041d2c1bcb487cc26dd0d5f7d97098a6c",
    "hash": "2feca2d60faa761f20621c2e2d75b70101774797"
  },
  "/Users/apple/WebSandbox/SIS_backend/src/components/auth/resolvers/Mutation.js": {
    "path": "/Users/apple/WebSandbox/SIS_backend/src/components/auth/resolvers/Mutation.js",
    "statementMap": {
      "0": { "start": { "line": 2, "column": 26 }, "end": { "line": 2, "column": 43 } },
      "1": { "start": { "line": 3, "column": 17 }, "end": { "line": 3, "column": 40 } },
      "2": { "start": { "line": 4, "column": 34 }, "end": { "line": 4, "column": 53 } },
      "3": { "start": { "line": 5, "column": 19 }, "end": { "line": 5, "column": 39 } },
      "4": { "start": { "line": 7, "column": 17 }, "end": { "line": 64, "column": 1 } },
      "5": { "start": { "line": 9, "column": 31 }, "end": { "line": 9, "column": 55 } },
      "6": { "start": { "line": 10, "column": 21 }, "end": { "line": 15, "column": 10 } },
      "7": { "start": { "line": 16, "column": 24 }, "end": { "line": 16, "column": 29 } },
      "8": { "start": { "line": 17, "column": 8 }, "end": { "line": 20, "column": 10 } },
      "9": { "start": { "line": 23, "column": 8 }, "end": { "line": 23, "column": 46 } },
      "10": { "start": { "line": 26, "column": 21 }, "end": { "line": 26, "column": 60 } },
      "11": { "start": { "line": 27, "column": 8 }, "end": { "line": 29, "column": 9 } },
      "12": { "start": { "line": 28, "column": 12 }, "end": { "line": 28, "column": 79 } },
      "13": { "start": { "line": 30, "column": 30 }, "end": { "line": 30, "column": 68 } },
      "14": { "start": { "line": 31, "column": 8 }, "end": { "line": 33, "column": 9 } },
      "15": { "start": { "line": 32, "column": 12 }, "end": { "line": 32, "column": 57 } },
      "16": { "start": { "line": 34, "column": 24 }, "end": { "line": 34, "column": 29 } },
      "17": { "start": { "line": 35, "column": 8 }, "end": { "line": 38, "column": 10 } },
      "18": { "start": { "line": 41, "column": 25 }, "end": { "line": 41, "column": 65 } },
      "19": { "start": { "line": 42, "column": 8 }, "end": { "line": 42, "column": 31 } },
      "20": { "start": { "line": 43, "column": 8 }, "end": { "line": 44, "column": 59 } },
      "21": { "start": { "line": 44, "column": 12 }, "end": { "line": 44, "column": 59 } },
      "22": { "start": { "line": 45, "column": 8 }, "end": { "line": 45, "column": 54 } },
      "23": { "start": { "line": 66, "column": 0 }, "end": { "line": 68, "column": 2 } }
    },
    "fnMap": {
      "0": {
        "name": "(anonymous_0)",
        "decl": { "start": { "line": 8, "column": 12 }, "end": { "line": 8, "column": 13 } },
        "loc": { "start": { "line": 8, "column": 75 }, "end": { "line": 21, "column": 5 } },
        "line": 8
      },
      "1": {
        "name": "(anonymous_1)",
        "decl": { "start": { "line": 22, "column": 16 }, "end": { "line": 22, "column": 17 } },
        "loc": { "start": { "line": 22, "column": 35 }, "end": { "line": 24, "column": 5 } },
        "line": 22
      },
      "2": {
        "name": "(anonymous_2)",
        "decl": { "start": { "line": 25, "column": 11 }, "end": { "line": 25, "column": 12 } },
        "loc": { "start": { "line": 25, "column": 62 }, "end": { "line": 39, "column": 5 } },
        "line": 25
      },
      "3": {
        "name": "(anonymous_3)",
        "decl": { "start": { "line": 40, "column": 16 }, "end": { "line": 40, "column": 17 } },
        "loc": { "start": { "line": 40, "column": 60 }, "end": { "line": 46, "column": 5 } },
        "line": 40
      }
    },
    "branchMap": {
      "0": {
        "loc": { "start": { "line": 27, "column": 8 }, "end": { "line": 29, "column": 9 } },
        "type": "if",
        "locations": [
          { "start": { "line": 27, "column": 8 }, "end": { "line": 29, "column": 9 } },
          { "start": { "line": 27, "column": 8 }, "end": { "line": 29, "column": 9 } }
        ],
        "line": 27
      },
      "1": {
        "loc": { "start": { "line": 31, "column": 8 }, "end": { "line": 33, "column": 9 } },
        "type": "if",
        "locations": [
          { "start": { "line": 31, "column": 8 }, "end": { "line": 33, "column": 9 } },
          { "start": { "line": 31, "column": 8 }, "end": { "line": 33, "column": 9 } }
        ],
        "line": 31
      },
      "2": {
        "loc": { "start": { "line": 41, "column": 25 }, "end": { "line": 41, "column": 65 } },
        "type": "cond-expr",
        "locations": [
          { "start": { "line": 41, "column": 36 }, "end": { "line": 41, "column": 55 } },
          { "start": { "line": 41, "column": 58 }, "end": { "line": 41, "column": 65 } }
        ],
        "line": 41
      },
      "3": {
        "loc": { "start": { "line": 43, "column": 8 }, "end": { "line": 44, "column": 59 } },
        "type": "if",
        "locations": [
          { "start": { "line": 43, "column": 8 }, "end": { "line": 44, "column": 59 } },
          { "start": { "line": 43, "column": 8 }, "end": { "line": 44, "column": 59 } }
        ],
        "line": 43
      },
      "4": {
        "loc": { "start": { "line": 43, "column": 11 }, "end": { "line": 43, "column": 70 } },
        "type": "binary-expr",
        "locations": [
          { "start": { "line": 43, "column": 11 }, "end": { "line": 43, "column": 42 } },
          { "start": { "line": 43, "column": 46 }, "end": { "line": 43, "column": 70 } }
        ],
        "line": 43
      }
    },
    "s": {
      "0": 1,
      "1": 1,
      "2": 1,
      "3": 1,
      "4": 1,
      "5": 2,
      "6": 2,
      "7": 2,
      "8": 2,
      "9": 1,
      "10": 3,
      "11": 3,
      "12": 1,
      "13": 2,
      "14": 2,
      "15": 1,
      "16": 1,
      "17": 1,
      "18": 3,
      "19": 3,
      "20": 3,
      "21": 2,
      "22": 1,
      "23": 1
    },
    "f": { "0": 2, "1": 1, "2": 3, "3": 3 },
    "b": { "0": [1, 2], "1": [1, 1], "2": [2, 1], "3": [2, 1], "4": [3, 1] },
    "_coverageSchema": "332fd63041d2c1bcb487cc26dd0d5f7d97098a6c",
    "hash": "eff0ea21d6b37f84d3628541b3f959f61cb05765"
  },
  "/Users/apple/WebSandbox/SIS_backend/src/components/auth/resolvers/Query.js": {
    "path": "/Users/apple/WebSandbox/SIS_backend/src/components/auth/resolvers/Query.js",
    "statementMap": {
      "0": { "start": { "line": 1, "column": 22 }, "end": { "line": 1, "column": 41 } },
      "1": { "start": { "line": 3, "column": 14 }, "end": { "line": 31, "column": 1 } },
      "2": { "start": { "line": 5, "column": 23 }, "end": { "line": 5, "column": 41 } },
      "3": { "start": { "line": 6, "column": 8 }, "end": { "line": 6, "column": 51 } },
      "4": { "start": { "line": 9, "column": 8 }, "end": { "line": 9, "column": 38 } },
      "5": { "start": { "line": 33, "column": 0 }, "end": { "line": 35, "column": 2 } }
    },
    "fnMap": {
      "0": {
        "name": "(anonymous_0)",
        "decl": { "start": { "line": 4, "column": 10 }, "end": { "line": 4, "column": 11 } },
        "loc": { "start": { "line": 4, "column": 37 }, "end": { "line": 7, "column": 5 } },
        "line": 4
      },
      "1": {
        "name": "(anonymous_1)",
        "decl": { "start": { "line": 8, "column": 11 }, "end": { "line": 8, "column": 12 } },
        "loc": { "start": { "line": 8, "column": 38 }, "end": { "line": 10, "column": 5 } },
        "line": 8
      }
    },
    "branchMap": {},
    "s": { "0": 1, "1": 1, "2": 1, "3": 1, "4": 0, "5": 1 },
    "f": { "0": 1, "1": 0 },
    "b": {},
    "_coverageSchema": "332fd63041d2c1bcb487cc26dd0d5f7d97098a6c",
    "hash": "36597d1fd27a221da3d66181e92aca2aad07d7b0"
  },
  "/Users/apple/WebSandbox/SIS_backend/src/components/auth/resolvers/index.js": {
    "path": "/Users/apple/WebSandbox/SIS_backend/src/components/auth/resolvers/index.js",
    "statementMap": {
      "0": { "start": { "line": 1, "column": 21 }, "end": { "line": 1, "column": 42 } },
      "1": { "start": { "line": 2, "column": 18 }, "end": { "line": 2, "column": 36 } },
      "2": { "start": { "line": 8, "column": 18 }, "end": { "line": 11, "column": 1 } },
      "3": { "start": { "line": 13, "column": 0 }, "end": { "line": 13, "column": 27 } }
    },
    "fnMap": {},
    "branchMap": {},
    "s": { "0": 1, "1": 1, "2": 1, "3": 1 },
    "f": {},
    "b": {},
    "_coverageSchema": "332fd63041d2c1bcb487cc26dd0d5f7d97098a6c",
    "hash": "a9f841edb871b00d22dc515314c2afb9fdaf1678"
  },
  "/Users/apple/WebSandbox/SIS_backend/src/database/generated/prisma-client/index.js": {
    "path": "/Users/apple/WebSandbox/SIS_backend/src/database/generated/prisma-client/index.js",
    "statementMap": {
      "0": { "start": { "line": 2, "column": 0 }, "end": { "line": 2, "column": 62 } },
      "1": { "start": { "line": 3, "column": 19 }, "end": { "line": 3, "column": 47 } },
      "2": { "start": { "line": 4, "column": 15 }, "end": { "line": 4, "column": 50 } },
      "3": { "start": { "line": 6, "column": 13 }, "end": { "line": 19, "column": 1 } },
      "4": { "start": { "line": 20, "column": 0 }, "end": { "line": 24, "column": 3 } },
      "5": { "start": { "line": 25, "column": 0 }, "end": { "line": 25, "column": 38 } }
    },
    "fnMap": {},
    "branchMap": {},
    "s": { "0": 1, "1": 1, "2": 1, "3": 1, "4": 1, "5": 1 },
    "f": {},
    "b": {},
    "_coverageSchema": "332fd63041d2c1bcb487cc26dd0d5f7d97098a6c",
    "hash": "a7de4eef8081e467cb582650243749b32b6fdaf7"
  },
  "/Users/apple/WebSandbox/SIS_backend/src/database/generated/prisma-client/prisma-schema.js": {
    "path": "/Users/apple/WebSandbox/SIS_backend/src/database/generated/prisma-client/prisma-schema.js",
    "statementMap": { "0": { "start": { "line": 1, "column": 0 }, "end": { "line": 323, "column": 7 } } },
    "fnMap": {},
    "branchMap": {},
    "s": { "0": 1 },
    "f": {},
    "b": {},
    "_coverageSchema": "332fd63041d2c1bcb487cc26dd0d5f7d97098a6c",
    "hash": "dddaab588e9a56a97d531fefb8375631691fba93"
  }
}
