TN:
SF:/Users/apple/WebSandbox/SIS_backend/src/components/auth/authDirective.js
FN:7,(anonymous_0)
FN:14,(anonymous_1)
FN:19,(anonymous_2)
FN:26,(anonymous_3)
FN:29,(anonymous_4)
FNF:5
FNH:4
FNDA:0,(anonymous_0)
FNDA:3,(anonymous_1)
FNDA:3,(anonymous_2)
FNDA:6,(anonymous_3)
FNDA:11,(anonymous_4)
DA:2,1
DA:3,1
DA:4,1
DA:8,0
DA:9,0
DA:15,3
DA:16,3
DA:21,3
DA:22,2
DA:24,2
DA:26,2
DA:27,6
DA:28,6
DA:29,6
DA:33,11
DA:36,11
DA:37,5
DA:40,6
DA:41,6
DA:42,6
DA:43,1
DA:45,5
DA:46,5
DA:47,1
DA:50,4
DA:58,1
LF:26
LH:24
BRDA:21,0,0,1
BRDA:21,0,1,2
BRDA:28,1,0,0
BRDA:33,2,0,11
BRDA:33,2,1,5
BRDA:36,3,0,5
BRDA:36,3,1,6
BRDA:42,4,0,1
BRDA:42,4,1,5
BRDA:46,5,0,1
BRDA:46,5,1,4
BRF:11
BRH:10
end_of_record
TN:
SF:/Users/apple/WebSandbox/SIS_backend/src/components/auth/errors.js
FNF:0
FNH:0
DA:2,1
DA:10,1
LF:2
LH:2
BRF:0
BRH:0
end_of_record
TN:
SF:/Users/apple/WebSandbox/SIS_backend/src/components/auth/utils.js
FN:6,getUserId
FNF:1
FNH:1
FNDA:7,getUserId
DA:1,1
DA:3,1
DA:7,7
DA:8,7
DA:9,6
DA:10,6
DA:11,6
DA:15,1
LF:8
LH:8
BRDA:8,0,0,6
BRDA:8,0,1,1
BRDA:11,1,0,6
BRDA:11,1,1,6
BRF:4
BRH:4
end_of_record
TN:
SF:/Users/apple/WebSandbox/SIS_backend/src/components/auth/resolvers/Mutation.js
FN:8,(anonymous_0)
FN:22,(anonymous_1)
FN:25,(anonymous_2)
FN:40,(anonymous_3)
FNF:4
FNH:4
FNDA:2,(anonymous_0)
FNDA:1,(anonymous_1)
FNDA:3,(anonymous_2)
FNDA:3,(anonymous_3)
DA:2,1
DA:3,1
DA:4,1
DA:5,1
DA:7,1
DA:9,2
DA:10,2
DA:16,2
DA:17,2
DA:23,1
DA:26,3
DA:27,3
DA:28,1
DA:30,2
DA:31,2
DA:32,1
DA:34,1
DA:35,1
DA:41,3
DA:42,3
DA:43,3
DA:44,2
DA:45,1
DA:66,1
LF:24
LH:24
BRDA:27,0,0,1
BRDA:27,0,1,2
BRDA:31,1,0,1
BRDA:31,1,1,1
BRDA:41,2,0,2
BRDA:41,2,1,1
BRDA:43,3,0,2
BRDA:43,3,1,1
BRDA:43,4,0,3
BRDA:43,4,1,1
BRF:10
BRH:10
end_of_record
TN:
SF:/Users/apple/WebSandbox/SIS_backend/src/components/auth/resolvers/Query.js
FN:4,(anonymous_0)
FN:8,(anonymous_1)
FNF:2
FNH:1
FNDA:1,(anonymous_0)
FNDA:0,(anonymous_1)
DA:1,1
DA:3,1
DA:5,1
DA:6,1
DA:9,0
DA:33,1
LF:6
LH:5
BRF:0
BRH:0
end_of_record
TN:
SF:/Users/apple/WebSandbox/SIS_backend/src/components/auth/resolvers/index.js
FNF:0
FNH:0
DA:1,1
DA:2,1
DA:8,1
DA:13,1
LF:4
LH:4
BRF:0
BRH:0
end_of_record
TN:
SF:/Users/apple/WebSandbox/SIS_backend/src/database/generated/prisma-client/index.js
FNF:0
FNH:0
DA:2,1
DA:3,1
DA:4,1
DA:6,1
DA:20,1
DA:25,1
LF:6
LH:6
BRF:0
BRH:0
end_of_record
TN:
SF:/Users/apple/WebSandbox/SIS_backend/src/database/generated/prisma-client/prisma-schema.js
FNF:0
FNH:0
DA:1,1
LF:1
LH:1
BRF:0
BRH:0
end_of_record
